<?xml version="1.0" encoding="UTF-8"?>
<coverage generated="1679449133589" clover="3.2.0">
  <project timestamp="1679449133589" name="All files">
    <metrics statements="30" coveredstatements="30" conditionals="4" coveredconditionals="4" methods="18" coveredmethods="18" elements="52" coveredelements="52" complexity="0" loc="30" ncloc="30" packages="4" files="6" classes="6"/>
    <package name="components.CreateTodo">
      <metrics statements="9" coveredstatements="9" conditionals="0" coveredconditionals="0" methods="4" coveredmethods="4"/>
      <file name="index.tsx" path="/home/lucas/Documents/dev/todo/src/components/CreateTodo/index.tsx">
        <metrics statements="6" coveredstatements="6" conditionals="0" coveredconditionals="0" methods="4" coveredmethods="4"/>
        <line num="7" count="13" type="stmt"/>
        <line num="9" count="12" type="stmt"/>
        <line num="12" count="1" type="stmt"/>
        <line num="13" count="1" type="stmt"/>
        <line num="17" count="8" type="stmt"/>
        <line num="20" count="12" type="stmt"/>
      </file>
      <file name="styles.ts" path="/home/lucas/Documents/dev/todo/src/components/CreateTodo/styles.ts">
        <metrics statements="3" coveredstatements="3" conditionals="0" coveredconditionals="0" methods="0" coveredmethods="0"/>
        <line num="3" count="1" type="stmt"/>
        <line num="12" count="1" type="stmt"/>
        <line num="30" count="1" type="stmt"/>
      </file>
    </package>
    <package name="components.ListTodos.TodoItem">
      <metrics statements="6" coveredstatements="6" conditionals="4" coveredconditionals="4" methods="5" coveredmethods="5"/>
      <file name="index.tsx" path="/home/lucas/Documents/dev/todo/src/components/ListTodos/TodoItem/index.tsx">
        <metrics statements="5" coveredstatements="5" conditionals="4" coveredconditionals="4" methods="5" coveredmethods="5"/>
        <line num="14" count="7" type="stmt"/>
        <line num="15" count="7" type="stmt"/>
        <line num="17" count="5" type="stmt"/>
        <line num="26" count="1" type="stmt"/>
        <line num="33" count="1" type="stmt"/>
      </file>
      <file name="styles.ts" path="/home/lucas/Documents/dev/todo/src/components/ListTodos/TodoItem/styles.ts">
        <metrics statements="1" coveredstatements="1" conditionals="0" coveredconditionals="0" methods="0" coveredmethods="0"/>
        <line num="3" count="1" type="stmt"/>
      </file>
    </package>
    <package name="config">
      <metrics statements="2" coveredstatements="2" conditionals="0" coveredconditionals="0" methods="0" coveredmethods="0"/>
      <file name="stitches.ts" path="/home/lucas/Documents/dev/todo/src/config/stitches.ts">
        <metrics statements="2" coveredstatements="2" conditionals="0" coveredconditionals="0" methods="0" coveredmethods="0"/>
        <line num="3" count="2" type="stmt"/>
        <line num="16" count="2" type="stmt"/>
      </file>
    </package>
    <package name="store">
      <metrics statements="13" coveredstatements="13" conditionals="0" coveredconditionals="0" methods="9" coveredmethods="9"/>
      <file name="todos.ts" path="/home/lucas/Documents/dev/todo/src/store/todos.ts">
        <metrics statements="13" coveredstatements="13" conditionals="0" coveredconditionals="0" methods="9" coveredmethods="9"/>
        <line num="18" count="2" type="stmt"/>
        <line num="21" count="1" type="stmt"/>
        <line num="22" count="1" type="stmt"/>
        <line num="27" count="1" type="stmt"/>
        <line num="32" count="1" type="stmt"/>
        <line num="33" count="1" type="stmt"/>
        <line num="34" count="1" type="stmt"/>
        <line num="37" count="1" type="stmt"/>
        <line num="39" count="1" type="stmt"/>
        <line num="44" count="1" type="stmt"/>
        <line num="45" count="1" type="stmt"/>
        <line num="46" count="1" type="stmt"/>
        <line num="49" count="1" type="stmt"/>
      </file>
    </package>
  </project>
</coverage>
