<?xml version="1.0" encoding="UTF-8"?>
<coverage generated="1679459782667" clover="3.2.0">
  <project timestamp="1679459782667" name="All files">
    <metrics statements="24" coveredstatements="21" conditionals="4" coveredconditionals="4" methods="16" coveredmethods="14" elements="44" coveredelements="39" complexity="0" loc="24" ncloc="24" packages="4" files="6" classes="6"/>
    <package name="components.Button">
      <metrics statements="2" coveredstatements="2" conditionals="0" coveredconditionals="0" methods="1" coveredmethods="1"/>
      <file name="index.tsx" path="/home/lucas/Documents/dev/todo/src/components/Button/index.tsx">
        <metrics statements="1" coveredstatements="1" conditionals="0" coveredconditionals="0" methods="1" coveredmethods="1"/>
        <line num="9" count="11" type="stmt"/>
      </file>
      <file name="styles.ts" path="/home/lucas/Documents/dev/todo/src/components/Button/styles.ts">
        <metrics statements="1" coveredstatements="1" conditionals="0" coveredconditionals="0" methods="0" coveredmethods="0"/>
        <line num="3" count="1" type="stmt"/>
      </file>
    </package>
    <package name="components.ListTodos.TodoItem">
      <metrics statements="7" coveredstatements="7" conditionals="4" coveredconditionals="4" methods="6" coveredmethods="6"/>
      <file name="index.tsx" path="/home/lucas/Documents/dev/todo/src/components/ListTodos/TodoItem/index.tsx">
        <metrics statements="6" coveredstatements="6" conditionals="4" coveredconditionals="4" methods="6" coveredmethods="6"/>
        <line num="15" count="10" type="stmt"/>
        <line num="16" count="10" type="stmt"/>
        <line num="18" count="7" type="stmt"/>
        <line num="26" count="1" type="stmt"/>
        <line num="34" count="1" type="stmt"/>
        <line num="40" count="1" type="stmt"/>
      </file>
      <file name="styles.ts" path="/home/lucas/Documents/dev/todo/src/components/ListTodos/TodoItem/styles.ts">
        <metrics statements="1" coveredstatements="1" conditionals="0" coveredconditionals="0" methods="0" coveredmethods="0"/>
        <line num="3" count="1" type="stmt"/>
      </file>
    </package>
    <package name="config">
      <metrics statements="2" coveredstatements="2" conditionals="0" coveredconditionals="0" methods="0" coveredmethods="0"/>
      <file name="stitches.ts" path="/home/lucas/Documents/dev/todo/src/config/stitches.ts">
        <metrics statements="2" coveredstatements="2" conditionals="0" coveredconditionals="0" methods="0" coveredmethods="0"/>
        <line num="3" count="1" type="stmt"/>
        <line num="16" count="1" type="stmt"/>
      </file>
    </package>
    <package name="store">
      <metrics statements="13" coveredstatements="10" conditionals="0" coveredconditionals="0" methods="9" coveredmethods="7"/>
      <file name="todos.ts" path="/home/lucas/Documents/dev/todo/src/store/todos.ts">
        <metrics statements="13" coveredstatements="10" conditionals="0" coveredconditionals="0" methods="9" coveredmethods="7"/>
        <line num="18" count="1" type="stmt"/>
        <line num="21" count="0" type="stmt"/>
        <line num="22" count="0" type="stmt"/>
        <line num="27" count="0" type="stmt"/>
        <line num="32" count="2" type="stmt"/>
        <line num="33" count="2" type="stmt"/>
        <line num="34" count="2" type="stmt"/>
        <line num="37" count="2" type="stmt"/>
        <line num="39" count="2" type="stmt"/>
        <line num="44" count="1" type="stmt"/>
        <line num="45" count="1" type="stmt"/>
        <line num="46" count="1" type="stmt"/>
        <line num="49" count="1" type="stmt"/>
      </file>
    </package>
  </project>
</coverage>
