{"/home/lucas/Documents/dev/todo/src/components/CreateTodo/index.tsx": {"path":"/home/lucas/Documents/dev/todo/src/components/CreateTodo/index.tsx","statementMap":{"0":{"start":{"line":7,"column":23},"end":{"line":7,"column":62}},"1":{"start":{"line":7,"column":43},"end":{"line":7,"column":61}},"2":{"start":{"line":9,"column":42},"end":{"line":9,"column":54}},"3":{"start":{"line":12,"column":4},"end":{"line":12,"column":30}},"4":{"start":{"line":13,"column":4},"end":{"line":13,"column":23}},"5":{"start":{"line":17,"column":4},"end":{"line":17,"column":35}},"6":{"start":{"line":20,"column":2},"end":{"line":39,"column":3}}},"fnMap":{"0":{"name":"CreateTodo","decl":{"start":{"line":6,"column":16},"end":{"line":6,"column":26}},"loc":{"start":{"line":6,"column":29},"end":{"line":40,"column":1}},"line":6},"1":{"name":"(anonymous_1)","decl":{"start":{"line":7,"column":32},"end":{"line":7,"column":33}},"loc":{"start":{"line":7,"column":43},"end":{"line":7,"column":61}},"line":7},"2":{"name":"onHandleCreateTodo","decl":{"start":{"line":11,"column":11},"end":{"line":11,"column":29}},"loc":{"start":{"line":11,"column":32},"end":{"line":14,"column":3}},"line":11},"3":{"name":"onChangeInputNewTodo","decl":{"start":{"line":16,"column":11},"end":{"line":16,"column":31}},"loc":{"start":{"line":16,"column":66},"end":{"line":18,"column":3}},"line":16}},"branchMap":{},"s":{"0":12,"1":13,"2":12,"3":1,"4":1,"5":8,"6":12},"f":{"0":12,"1":13,"2":1,"3":8},"b":{},"_coverageSchema":"1a1c01bbd47fc00a2c39e90264f33305004495a9","hash":"a3a14ff163d76e0d3f4171278338549bba7d0007"}
,"/home/lucas/Documents/dev/todo/src/components/CreateTodo/styles.ts": {"path":"/home/lucas/Documents/dev/todo/src/components/CreateTodo/styles.ts","statementMap":{"0":{"start":{"line":3,"column":25},"end":{"line":10,"column":2}},"1":{"start":{"line":12,"column":21},"end":{"line":28,"column":2}},"2":{"start":{"line":30,"column":29},"end":{"line":41,"column":2}}},"fnMap":{},"branchMap":{},"s":{"0":1,"1":1,"2":1},"f":{},"b":{},"_coverageSchema":"1a1c01bbd47fc00a2c39e90264f33305004495a9","hash":"97fa81f96c8b27c72da9427bc318df67926e0f42"}
,"/home/lucas/Documents/dev/todo/src/components/ListTodos/TodoItem/index.tsx": {"path":"/home/lucas/Documents/dev/todo/src/components/ListTodos/TodoItem/index.tsx","statementMap":{"0":{"start":{"line":14,"column":25},"end":{"line":14,"column":66}},"1":{"start":{"line":14,"column":45},"end":{"line":14,"column":65}},"2":{"start":{"line":15,"column":23},"end":{"line":15,"column":62}},"3":{"start":{"line":15,"column":43},"end":{"line":15,"column":61}},"4":{"start":{"line":17,"column":2},"end":{"line":40,"column":3}},"5":{"start":{"line":26,"column":27},"end":{"line":26,"column":47}},"6":{"start":{"line":33,"column":27},"end":{"line":33,"column":45}}},"fnMap":{"0":{"name":"TodoItem","decl":{"start":{"line":13,"column":16},"end":{"line":13,"column":24}},"loc":{"start":{"line":13,"column":50},"end":{"line":41,"column":1}},"line":13},"1":{"name":"(anonymous_1)","decl":{"start":{"line":14,"column":34},"end":{"line":14,"column":35}},"loc":{"start":{"line":14,"column":45},"end":{"line":14,"column":65}},"line":14},"2":{"name":"(anonymous_2)","decl":{"start":{"line":15,"column":32},"end":{"line":15,"column":33}},"loc":{"start":{"line":15,"column":43},"end":{"line":15,"column":61}},"line":15},"3":{"name":"(anonymous_3)","decl":{"start":{"line":26,"column":21},"end":{"line":26,"column":22}},"loc":{"start":{"line":26,"column":27},"end":{"line":26,"column":47}},"line":26},"4":{"name":"(anonymous_4)","decl":{"start":{"line":33,"column":21},"end":{"line":33,"column":22}},"loc":{"start":{"line":33,"column":27},"end":{"line":33,"column":45}},"line":33}},"branchMap":{"0":{"loc":{"start":{"line":18,"column":43},"end":{"line":18,"column":73}},"type":"cond-expr","locations":[{"start":{"line":18,"column":57},"end":{"line":18,"column":68}},{"start":{"line":18,"column":71},"end":{"line":18,"column":73}}],"line":18},"1":{"loc":{"start":{"line":21,"column":7},"end":{"line":38,"column":7}},"type":"binary-expr","locations":[{"start":{"line":21,"column":7},"end":{"line":21,"column":19}},{"start":{"line":22,"column":8},"end":{"line":37,"column":15}}],"line":21}},"s":{"0":5,"1":7,"2":5,"3":7,"4":5,"5":1,"6":1},"f":{"0":5,"1":7,"2":7,"3":1,"4":1},"b":{"0":[3,2],"1":[5,2]},"_coverageSchema":"1a1c01bbd47fc00a2c39e90264f33305004495a9","hash":"7c50af7e8b69c8afcf0c9ccb250b7370046f5a35"}
,"/home/lucas/Documents/dev/todo/src/components/ListTodos/TodoItem/styles.ts": {"path":"/home/lucas/Documents/dev/todo/src/components/ListTodos/TodoItem/styles.ts","statementMap":{"0":{"start":{"line":3,"column":25},"end":{"line":32,"column":2}}},"fnMap":{},"branchMap":{},"s":{"0":1},"f":{},"b":{},"_coverageSchema":"1a1c01bbd47fc00a2c39e90264f33305004495a9","hash":"741a0495dad540920d4340a80bd9b784c28a6f07"}
,"/home/lucas/Documents/dev/todo/src/config/stitches.ts": {"path":"/home/lucas/Documents/dev/todo/src/config/stitches.ts","statementMap":{"0":{"start":{"line":3,"column":37},"end":{"line":14,"column":2}},"1":{"start":{"line":16,"column":28},"end":{"line":39,"column":2}}},"fnMap":{},"branchMap":{},"s":{"0":2,"1":2},"f":{},"b":{},"_coverageSchema":"1a1c01bbd47fc00a2c39e90264f33305004495a9","hash":"312a90625d680ccf5ba1cdf66f80616150f067a5"}
,"/home/lucas/Documents/dev/todo/src/store/todos.ts": {"path":"/home/lucas/Documents/dev/todo/src/store/todos.ts","statementMap":{"0":{"start":{"line":18,"column":24},"end":{"line":53,"column":3}},"1":{"start":{"line":18,"column":57},"end":{"line":53,"column":1}},"2":{"start":{"line":21,"column":4},"end":{"line":30,"column":6}},"3":{"start":{"line":22,"column":22},"end":{"line":25,"column":7}},"4":{"start":{"line":27,"column":6},"end":{"line":29,"column":7}},"5":{"start":{"line":32,"column":4},"end":{"line":42,"column":6}},"6":{"start":{"line":33,"column":24},"end":{"line":35,"column":7}},"7":{"start":{"line":34,"column":18},"end":{"line":34,"column":43}},"8":{"start":{"line":37,"column":6},"end":{"line":37,"column":68}},"9":{"start":{"line":39,"column":6},"end":{"line":41,"column":7}},"10":{"start":{"line":44,"column":4},"end":{"line":52,"column":6}},"11":{"start":{"line":45,"column":26},"end":{"line":47,"column":7}},"12":{"start":{"line":46,"column":18},"end":{"line":46,"column":43}},"13":{"start":{"line":49,"column":6},"end":{"line":51,"column":7}}},"fnMap":{"0":{"name":"(anonymous_0)","decl":{"start":{"line":18,"column":47},"end":{"line":18,"column":48}},"loc":{"start":{"line":18,"column":57},"end":{"line":53,"column":1}},"line":18},"1":{"name":"(anonymous_1)","decl":{"start":{"line":20,"column":16},"end":{"line":20,"column":17}},"loc":{"start":{"line":21,"column":4},"end":{"line":30,"column":6}},"line":21},"2":{"name":"(anonymous_2)","decl":{"start":{"line":21,"column":8},"end":{"line":21,"column":9}},"loc":{"start":{"line":21,"column":19},"end":{"line":30,"column":5}},"line":21},"3":{"name":"(anonymous_3)","decl":{"start":{"line":31,"column":18},"end":{"line":31,"column":19}},"loc":{"start":{"line":32,"column":4},"end":{"line":42,"column":6}},"line":32},"4":{"name":"(anonymous_4)","decl":{"start":{"line":32,"column":8},"end":{"line":32,"column":9}},"loc":{"start":{"line":32,"column":19},"end":{"line":42,"column":5}},"line":32},"5":{"name":"(anonymous_5)","decl":{"start":{"line":34,"column":8},"end":{"line":34,"column":9}},"loc":{"start":{"line":34,"column":18},"end":{"line":34,"column":43}},"line":34},"6":{"name":"(anonymous_6)","decl":{"start":{"line":43,"column":16},"end":{"line":43,"column":17}},"loc":{"start":{"line":44,"column":4},"end":{"line":52,"column":6}},"line":44},"7":{"name":"(anonymous_7)","decl":{"start":{"line":44,"column":8},"end":{"line":44,"column":9}},"loc":{"start":{"line":44,"column":19},"end":{"line":52,"column":5}},"line":44},"8":{"name":"(anonymous_8)","decl":{"start":{"line":46,"column":8},"end":{"line":46,"column":9}},"loc":{"start":{"line":46,"column":18},"end":{"line":46,"column":43}},"line":46}},"branchMap":{},"s":{"0":2,"1":2,"2":1,"3":1,"4":1,"5":1,"6":1,"7":1,"8":1,"9":1,"10":1,"11":1,"12":1,"13":1},"f":{"0":2,"1":1,"2":1,"3":1,"4":1,"5":1,"6":1,"7":1,"8":1},"b":{},"_coverageSchema":"1a1c01bbd47fc00a2c39e90264f33305004495a9","hash":"c6b46b63f2cdef609bddbafd849ba5ff6b4c8fa4"}
}
