TN:
SF:src/components/CreateTodo/index.tsx
FN:6,CreateTodo
FN:7,(anonymous_1)
FN:11,onHandleCreateTodo
FN:16,onChangeInputNewTodo
FNF:4
FNH:4
FNDA:12,CreateTodo
FNDA:13,(anonymous_1)
FNDA:1,onHandleCreateTodo
FNDA:8,onChangeInputNewTodo
DA:7,13
DA:9,12
DA:12,1
DA:13,1
DA:17,8
DA:20,12
LF:6
LH:6
BRF:0
BRH:0
end_of_record
TN:
SF:src/components/CreateTodo/styles.ts
FNF:0
FNH:0
DA:3,1
DA:12,1
DA:30,1
LF:3
LH:3
BRF:0
BRH:0
end_of_record
TN:
SF:src/components/ListTodos/TodoItem/index.tsx
FN:13,TodoItem
FN:14,(anonymous_1)
FN:15,(anonymous_2)
FN:26,(anonymous_3)
FN:33,(anonymous_4)
FNF:5
FNH:5
FNDA:5,TodoItem
FNDA:7,(anonymous_1)
FNDA:7,(anonymous_2)
FNDA:1,(anonymous_3)
FNDA:1,(anonymous_4)
DA:14,7
DA:15,7
DA:17,5
DA:26,1
DA:33,1
LF:5
LH:5
BRDA:18,0,0,3
BRDA:18,0,1,2
BRDA:21,1,0,5
BRDA:21,1,1,2
BRF:4
BRH:4
end_of_record
TN:
SF:src/components/ListTodos/TodoItem/styles.ts
FNF:0
FNH:0
DA:3,1
LF:1
LH:1
BRF:0
BRH:0
end_of_record
TN:
SF:src/config/stitches.ts
FNF:0
FNH:0
DA:3,2
DA:16,2
LF:2
LH:2
BRF:0
BRH:0
end_of_record
TN:
SF:src/store/todos.ts
FN:18,(anonymous_0)
FN:20,(anonymous_1)
FN:21,(anonymous_2)
FN:31,(anonymous_3)
FN:32,(anonymous_4)
FN:34,(anonymous_5)
FN:43,(anonymous_6)
FN:44,(anonymous_7)
FN:46,(anonymous_8)
FNF:9
FNH:9
FNDA:2,(anonymous_0)
FNDA:1,(anonymous_1)
FNDA:1,(anonymous_2)
FNDA:1,(anonymous_3)
FNDA:1,(anonymous_4)
FNDA:1,(anonymous_5)
FNDA:1,(anonymous_6)
FNDA:1,(anonymous_7)
FNDA:1,(anonymous_8)
DA:18,2
DA:21,1
DA:22,1
DA:27,1
DA:32,1
DA:33,1
DA:34,1
DA:37,1
DA:39,1
DA:44,1
DA:45,1
DA:46,1
DA:49,1
LF:13
LH:13
BRF:0
BRH:0
end_of_record
