TN:
SF:src/components/Button/index.tsx
FN:8,Button
FNF:1
FNH:1
FNDA:11,Button
DA:9,11
LF:1
LH:1
BRF:0
BRH:0
end_of_record
TN:
SF:src/components/Button/styles.ts
FNF:0
FNH:0
DA:3,1
LF:1
LH:1
BRF:0
BRH:0
end_of_record
TN:
SF:src/components/ListTodos/TodoItem/index.tsx
FN:14,TodoItem
FN:15,(anonymous_1)
FN:16,(anonymous_2)
FN:26,(anonymous_3)
FN:34,(anonymous_4)
FN:40,(anonymous_5)
FNF:6
FNH:6
FNDA:7,TodoItem
FNDA:10,(anonymous_1)
FNDA:10,(anonymous_2)
FNDA:1,(anonymous_3)
FNDA:1,(anonymous_4)
FNDA:1,(anonymous_5)
DA:15,10
DA:16,10
DA:18,7
DA:26,1
DA:34,1
DA:40,1
LF:6
LH:6
BRDA:19,0,0,3
BRDA:19,0,1,4
BRDA:22,1,0,3
BRDA:22,1,1,4
BRF:4
BRH:4
end_of_record
TN:
SF:src/components/ListTodos/TodoItem/styles.ts
FNF:0
FNH:0
DA:3,1
LF:1
LH:1
BRF:0
BRH:0
end_of_record
TN:
SF:src/config/stitches.ts
FNF:0
FNH:0
DA:3,1
DA:16,1
LF:2
LH:2
BRF:0
BRH:0
end_of_record
TN:
SF:src/store/todos.ts
FN:18,(anonymous_0)
FN:20,(anonymous_1)
FN:21,(anonymous_2)
FN:31,(anonymous_3)
FN:32,(anonymous_4)
FN:34,(anonymous_5)
FN:43,(anonymous_6)
FN:44,(anonymous_7)
FN:46,(anonymous_8)
FNF:9
FNH:7
FNDA:1,(anonymous_0)
FNDA:0,(anonymous_1)
FNDA:0,(anonymous_2)
FNDA:2,(anonymous_3)
FNDA:2,(anonymous_4)
FNDA:2,(anonymous_5)
FNDA:1,(anonymous_6)
FNDA:1,(anonymous_7)
FNDA:1,(anonymous_8)
DA:18,1
DA:21,0
DA:22,0
DA:27,0
DA:32,2
DA:33,2
DA:34,2
DA:37,2
DA:39,2
DA:44,1
DA:45,1
DA:46,1
DA:49,1
LF:13
LH:10
BRF:0
BRH:0
end_of_record
